<?xml version="1.0" encoding="UTF-8"?>
<testsuites>
  <testsuite name="D:\projects\php\tina4\tina4php-orm\tests" tests="3" assertions="6" errors="0" warnings="0" failures="0" skipped="0" time="0.252066">
    <testsuite name="ORMTest" file="D:\projects\php\tina4\tina4php-orm\tests\ORMTest.php" tests="3" assertions="6" errors="0" warnings="0" failures="0" skipped="0" time="0.252066">
      <testcase name="testClassExists" class="ORMTest" classname="ORMTest" file="D:\projects\php\tina4\tina4php-orm\tests\ORMTest.php" line="23" assertions="1" time="0.024466"/>
      <testcase name="testPerson" class="ORMTest" classname="ORMTest" file="D:\projects\php\tina4\tina4php-orm\tests\ORMTest.php" line="28" assertions="4" time="0.194210"/>
      <testcase name="testGenerateCrud" class="ORMTest" classname="ORMTest" file="D:\projects\php\tina4\tina4php-orm\tests\ORMTest.php" line="81" assertions="1" time="0.033389"/>
    </testsuite>
  </testsuite>
</testsuites>
